2020-04-06 14:24:21 INFO  Jeu:20 - Lancement de l'application
2020-04-07 19:29:09 INFO  Jeu:20 - Lancement de l'application
2020-04-07 19:29:15 INFO  ModeDefenseur:24 - Lancement du mode défenseur
2020-04-07 19:31:52 INFO  Jeu:20 - Lancement de l'application
2020-04-07 19:31:59 INFO  ModeDefenseur:24 - Lancement du mode défenseur
2020-04-07 19:47:18 INFO  Jeu:20 - Lancement de l'application
2020-04-07 19:47:23 INFO  ModeDefenseur:24 - Lancement du mode défenseur
2020-04-07 19:49:05 INFO  Jeu:20 - Lancement de l'application
2020-04-07 19:49:09 INFO  ModeDefenseur:24 - Lancement du mode défenseur
2020-04-11 16:10:15 INFO  Jeu:20 - Lancement de l'application
2020-04-11 16:10:21 INFO  ModeDuel:25 - Lancement du mode duel
2020-04-11 16:13:29 INFO  Jeu:20 - Lancement de l'application
2020-04-11 16:35:56 INFO  Jeu:20 - Lancement de l'application
2020-04-11 16:36:00 INFO  ModeDuel:25 - Lancement du mode duel
2020-04-11 16:43:06 INFO  Jeu:20 - Lancement de l'application
2020-04-11 16:43:09 INFO  ModeDuel:25 - Lancement du mode duel
2020-04-11 16:45:39 INFO  Jeu:20 - Lancement de l'application
2020-04-11 16:45:43 INFO  ModeDuel:25 - Lancement du mode duel
2020-04-11 17:52:45 INFO  Jeu:20 - Lancement de l'application
2020-04-11 17:52:52 INFO  ModeDefenseur:24 - Lancement du mode défenseur
2020-04-11 17:56:16 INFO  Jeu:20 - Lancement de l'application
2020-04-11 17:56:21 INFO  ModeDuel:25 - Lancement du mode duel
2020-04-11 17:56:30 INFO  Jeu:20 - Lancement de l'application
2020-04-11 17:56:53 INFO  ModeDefenseur:24 - Lancement du mode défenseur
2020-04-13 12:23:15 INFO  Jeu:20 - Lancement de l'application
2020-04-13 12:23:20 INFO  ModeDefenseur:24 - Lancement du mode défenseur
2020-04-13 12:24:54 INFO  Jeu:20 - Lancement de l'application
2020-04-13 12:24:57 INFO  ModeDefenseur:24 - Lancement du mode défenseur
2020-04-13 12:27:03 INFO  Jeu:20 - Lancement de l'application
2020-04-13 12:27:06 INFO  ModeDefenseur:24 - Lancement du mode défenseur
2020-04-13 12:30:23 INFO  Jeu:20 - Lancement de l'application
2020-04-13 12:30:27 INFO  ModeDuel:25 - Lancement du mode duel
2020-04-13 12:38:50 INFO  Jeu:20 - Lancement de l'application
2020-04-13 12:38:54 INFO  ModeDuel:25 - Lancement du mode duel
2020-04-13 19:02:17 INFO  Jeu:20 - Lancement de l'application
2020-04-13 19:02:23 INFO  ModeChallenger:24 - Lancement du mode challenger
2020-04-13 19:02:49 INFO  ModeChallenger:16 - Sortie du mode challenger
